{"host":"Hamzas-MacBook-Pro.local","level":"info","message":"Server running on port 3000","service":"email-verification-api","timestamp":"2025-04-21T02:14:07.124Z"}
{"host":"Hamzas-MacBook-Pro.local","level":"info","message":"Environment: development","service":"email-verification-api","timestamp":"2025-04-21T02:14:07.125Z"}
{"host":"Hamzas-MacBook-Pro.local","level":"info","message":"Redis connection for IP rotation established","service":"email-verification-api","timestamp":"2025-04-21T02:14:07.136Z"}
{"host":"Hamzas-MacBook-Pro.local","level":"info","message":"Redis cache connection established","service":"email-verification-api","timestamp":"2025-04-21T02:14:07.136Z"}
{"duration":13,"host":"Hamzas-MacBook-Pro.local","ip":"::1","level":"info","message":"POST /api/verify 404 - 13ms","method":"POST","service":"email-verification-api","status":404,"timestamp":"2025-04-21T02:14:34.853Z","url":"/api/verify","user":"anonymous"}
{"duration":13,"host":"Hamzas-MacBook-Pro.local","ip":"::1","level":"warn","message":"Request error: POST /api/verify 404","method":"POST","service":"email-verification-api","status":404,"timestamp":"2025-04-21T02:14:34.853Z","url":"/api/verify","user":"anonymous"}
{"host":"Hamzas-MacBook-Pro.local","level":"info","message":"Server running on port 3000","service":"email-verification-api","timestamp":"2025-04-21T02:15:41.683Z"}
{"host":"Hamzas-MacBook-Pro.local","level":"info","message":"Environment: development","service":"email-verification-api","timestamp":"2025-04-21T02:15:41.685Z"}
{"host":"Hamzas-MacBook-Pro.local","level":"info","message":"Redis connection for IP rotation established","service":"email-verification-api","timestamp":"2025-04-21T02:15:41.692Z"}
{"host":"Hamzas-MacBook-Pro.local","level":"info","message":"Redis cache connection established","service":"email-verification-api","timestamp":"2025-04-21T02:15:41.692Z"}
{"duration":10,"host":"Hamzas-MacBook-Pro.local","ip":"::1","level":"info","message":"POST /api/verify 404 - 10ms","method":"POST","service":"email-verification-api","status":404,"timestamp":"2025-04-21T02:15:57.228Z","url":"/api/verify","user":"anonymous"}
{"duration":10,"host":"Hamzas-MacBook-Pro.local","ip":"::1","level":"warn","message":"Request error: POST /api/verify 404","method":"POST","service":"email-verification-api","status":404,"timestamp":"2025-04-21T02:15:57.228Z","url":"/api/verify","user":"anonymous"}
{"host":"Hamzas-MacBook-Pro.local","level":"error","message":"Unhandled Promise Rejection","reason":"The client is closed","service":"email-verification-api","stack":"Error: The client is closed\n    at Commander._RedisClient_sendCommand (/Users/hamzakhalid/Desktop/Drive/Professional/MoonSys/Projects/email-verification/backend/node_modules/@redis/client/dist/lib/client/index.js:520:31)\n    at Commander.commandsExecutor (/Users/hamzakhalid/Desktop/Drive/Professional/MoonSys/Projects/email-verification/backend/node_modules/@redis/client/dist/lib/client/index.js:190:154)\n    at BaseClass.<computed> [as get] (/Users/hamzakhalid/Desktop/Drive/Professional/MoonSys/Projects/email-verification/backend/node_modules/@redis/client/dist/lib/commander.js:8:29)\n    at node:internal/util:431:7\n    at new Promise (<anonymous>)\n    at Commander.<anonymous> (node:internal/util:417:12)\n    at enhancedAuth (/Users/hamzakhalid/Desktop/Drive/Professional/MoonSys/Projects/email-verification/backend/middleware/security.js:144:35)\n    at Layer.handle [as handle_request] (/Users/hamzakhalid/Desktop/Drive/Professional/MoonSys/Projects/email-verification/backend/node_modules/express/lib/router/layer.js:95:5)\n    at next (/Users/hamzakhalid/Desktop/Drive/Professional/MoonSys/Projects/email-verification/backend/node_modules/express/lib/router/route.js:149:13)\n    at Route.dispatch (/Users/hamzakhalid/Desktop/Drive/Professional/MoonSys/Projects/email-verification/backend/node_modules/express/lib/router/route.js:119:3)","timestamp":"2025-04-21T02:17:36.054Z"}
{"host":"Hamzas-MacBook-Pro.local","level":"info","message":"Received shutdown signal, closing connections...","service":"email-verification-api","timestamp":"2025-04-21T02:18:40.468Z"}
{"host":"Hamzas-MacBook-Pro.local","level":"info","message":"Shutdown complete","service":"email-verification-api","timestamp":"2025-04-21T02:18:40.469Z"}
{"host":"Hamzas-MacBook-Pro.local","level":"info","message":"Received shutdown signal, closing connections...","service":"email-verification-api","timestamp":"2025-04-21T02:18:40.470Z"}
{"host":"Hamzas-MacBook-Pro.local","level":"info","message":"Shutdown complete","service":"email-verification-api","timestamp":"2025-04-21T02:18:40.470Z"}
{"host":"Hamzas-MacBook-Pro.local","level":"info","message":"Server running on port 3000","service":"email-verification-api","timestamp":"2025-04-21T02:19:20.115Z"}
{"host":"Hamzas-MacBook-Pro.local","level":"info","message":"Environment: development","service":"email-verification-api","timestamp":"2025-04-21T02:19:20.116Z"}
{"host":"Hamzas-MacBook-Pro.local","level":"info","message":"Redis connection for IP rotation established","service":"email-verification-api","timestamp":"2025-04-21T02:19:20.124Z"}
{"host":"Hamzas-MacBook-Pro.local","level":"info","message":"Redis cache connection established","service":"email-verification-api","timestamp":"2025-04-21T02:19:20.124Z"}
{"host":"Hamzas-MacBook-Pro.local","level":"info","message":"Redis connection for security established","service":"email-verification-api","timestamp":"2025-04-21T02:19:20.124Z"}
{"duration":13,"host":"Hamzas-MacBook-Pro.local","ip":"::1","level":"info","message":"POST /verify 401 - 13ms","method":"POST","service":"email-verification-api","status":401,"timestamp":"2025-04-21T02:19:23.384Z","url":"/api/v1/verify","user":"anonymous"}
{"duration":13,"host":"Hamzas-MacBook-Pro.local","ip":"::1","level":"warn","message":"Request error: POST /verify 401","method":"POST","service":"email-verification-api","status":401,"timestamp":"2025-04-21T02:19:23.385Z","url":"/api/v1/verify","user":"anonymous"}
{"duration":5,"host":"Hamzas-MacBook-Pro.local","ip":"::1","level":"info","message":"POST /verify 401 - 5ms","method":"POST","service":"email-verification-api","status":401,"timestamp":"2025-04-21T02:19:29.996Z","url":"/api/v1/verify","user":"anonymous"}
{"duration":5,"host":"Hamzas-MacBook-Pro.local","ip":"::1","level":"warn","message":"Request error: POST /verify 401","method":"POST","service":"email-verification-api","status":401,"timestamp":"2025-04-21T02:19:29.996Z","url":"/api/v1/verify","user":"anonymous"}
{"duration":4,"host":"Hamzas-MacBook-Pro.local","ip":"::1","level":"info","message":"POST /verify 401 - 4ms","method":"POST","service":"email-verification-api","status":401,"timestamp":"2025-04-21T02:19:31.078Z","url":"/api/v1/verify","user":"anonymous"}
{"duration":4,"host":"Hamzas-MacBook-Pro.local","ip":"::1","level":"warn","message":"Request error: POST /verify 401","method":"POST","service":"email-verification-api","status":401,"timestamp":"2025-04-21T02:19:31.078Z","url":"/api/v1/verify","user":"anonymous"}
{"duration":743,"host":"Hamzas-MacBook-Pro.local","ip":"::1","level":"info","message":"POST /register 200 - 743ms","method":"POST","service":"email-verification-api","status":200,"timestamp":"2025-04-21T02:21:15.482Z","url":"/api/auth/register","user":"anonymous"}
{"duration":313,"host":"Hamzas-MacBook-Pro.local","ip":"::1","level":"info","message":"POST /verify 401 - 313ms","method":"POST","service":"email-verification-api","status":401,"timestamp":"2025-04-21T02:22:42.526Z","url":"/api/v1/verify","user":"anonymous"}
{"duration":313,"host":"Hamzas-MacBook-Pro.local","ip":"::1","level":"warn","message":"Request error: POST /verify 401","method":"POST","service":"email-verification-api","status":401,"timestamp":"2025-04-21T02:22:42.527Z","url":"/api/v1/verify","user":"anonymous"}
{"host":"Hamzas-MacBook-Pro.local","level":"info","message":"Received shutdown signal, closing connections...","service":"email-verification-api","timestamp":"2025-04-21T02:26:42.575Z"}
{"host":"Hamzas-MacBook-Pro.local","level":"info","message":"Shutdown complete","service":"email-verification-api","timestamp":"2025-04-21T02:26:42.576Z"}
{"host":"Hamzas-MacBook-Pro.local","level":"info","message":"Received shutdown signal, closing connections...","service":"email-verification-api","timestamp":"2025-04-21T02:26:42.576Z"}
{"host":"Hamzas-MacBook-Pro.local","level":"info","message":"Shutdown complete","service":"email-verification-api","timestamp":"2025-04-21T02:26:42.577Z"}
{"host":"Hamzas-MacBook-Pro.local","level":"info","message":"Received shutdown signal, closing connections...","service":"email-verification-api","timestamp":"2025-04-21T02:26:42.748Z"}
{"host":"Hamzas-MacBook-Pro.local","level":"info","message":"Shutdown complete","service":"email-verification-api","timestamp":"2025-04-21T02:26:42.749Z"}
{"host":"Hamzas-MacBook-Pro.local","level":"info","message":"Received shutdown signal, closing connections...","service":"email-verification-api","timestamp":"2025-04-21T02:26:42.749Z"}
{"host":"Hamzas-MacBook-Pro.local","level":"info","message":"Shutdown complete","service":"email-verification-api","timestamp":"2025-04-21T02:26:42.750Z"}
{"host":"Hamzas-MacBook-Pro.local","level":"info","message":"Server running on port 3000","service":"email-verification-api","timestamp":"2025-04-21T02:34:22.717Z"}
{"host":"Hamzas-MacBook-Pro.local","level":"info","message":"Environment: development","service":"email-verification-api","timestamp":"2025-04-21T02:34:22.718Z"}
{"host":"Hamzas-MacBook-Pro.local","level":"info","message":"Redis cache connection established","service":"email-verification-api","timestamp":"2025-04-21T02:34:22.726Z"}
{"host":"Hamzas-MacBook-Pro.local","level":"info","message":"Redis connection for security established","service":"email-verification-api","timestamp":"2025-04-21T02:34:22.726Z"}
{"host":"Hamzas-MacBook-Pro.local","level":"info","message":"Redis connection for IP rotation established","service":"email-verification-api","timestamp":"2025-04-21T02:34:22.726Z"}
{"email":"hamzaig@yahoo.com","host":"Hamzas-MacBook-Pro.local","level":"info","message":"Verification email sent","service":"email-verification-api","timestamp":"2025-04-21T02:34:32.079Z"}
{"email":"hamzaig@yahoo.com","host":"Hamzas-MacBook-Pro.local","level":"info","message":"Verification email sent","service":"email-verification-api","timestamp":"2025-04-21T02:34:32.080Z"}
{"duration":6000,"host":"Hamzas-MacBook-Pro.local","ip":"::1","level":"info","message":"POST /register 200 - 6000ms","method":"POST","service":"email-verification-api","status":200,"timestamp":"2025-04-21T02:34:32.088Z","url":"/api/auth/register","user":"anonymous"}
{"duration":328,"host":"Hamzas-MacBook-Pro.local","ip":"::1","level":"info","message":"GET /verify 400 - 328ms","method":"GET","service":"email-verification-api","status":400,"timestamp":"2025-04-21T02:36:00.748Z","url":"/api/verification/verify?token=eyJhbGciOiJIUzI1NiIsInR5cCI6IkpXVCJ9.eyJ1c2VyIjp7ImlkIjoiNjgwNWFlYjNlMDIxN2JmZjQ0YjM1MWU1In0sImlhdCI6MTc0NTIwMjg3MiwiZXhwIjoxNzQ1ODA3NjcyfQ.RSVZb1BR79azjjHzo4i8HZI-0zZcR-QsjWs6F4IPzqM","user":"anonymous"}
{"duration":328,"host":"Hamzas-MacBook-Pro.local","ip":"::1","level":"warn","message":"Request error: GET /verify 400","method":"GET","service":"email-verification-api","status":400,"timestamp":"2025-04-21T02:36:00.749Z","url":"/api/verification/verify?token=eyJhbGciOiJIUzI1NiIsInR5cCI6IkpXVCJ9.eyJ1c2VyIjp7ImlkIjoiNjgwNWFlYjNlMDIxN2JmZjQ0YjM1MWU1In0sImlhdCI6MTc0NTIwMjg3MiwiZXhwIjoxNzQ1ODA3NjcyfQ.RSVZb1BR79azjjHzo4i8HZI-0zZcR-QsjWs6F4IPzqM","user":"anonymous"}
{"duration":648,"host":"Hamzas-MacBook-Pro.local","ip":"::1","level":"info","message":"GET /verify 200 - 648ms","method":"GET","service":"email-verification-api","status":200,"timestamp":"2025-04-21T02:36:18.094Z","url":"/api/verification/verify?token=3d1954cf8805154d93c15ddd6386fadb86aa2030d7453a18da425d19f18a091a","user":"anonymous"}
{"duration":2,"host":"Hamzas-MacBook-Pro.local","ip":"::1","level":"info","message":"POST /verify 401 - 2ms","method":"POST","service":"email-verification-api","status":401,"timestamp":"2025-04-21T02:40:51.842Z","url":"/api/v1/verify","user":"anonymous"}
{"duration":2,"host":"Hamzas-MacBook-Pro.local","ip":"::1","level":"warn","message":"Request error: POST /verify 401","method":"POST","service":"email-verification-api","status":401,"timestamp":"2025-04-21T02:40:51.842Z","url":"/api/v1/verify","user":"anonymous"}
{"duration":1,"host":"Hamzas-MacBook-Pro.local","ip":"::1","level":"info","message":"POST /verify 401 - 1ms","method":"POST","service":"email-verification-api","status":401,"timestamp":"2025-04-21T02:41:06.104Z","url":"/api/v1/verify","user":"anonymous"}
{"duration":1,"host":"Hamzas-MacBook-Pro.local","ip":"::1","level":"warn","message":"Request error: POST /verify 401","method":"POST","service":"email-verification-api","status":401,"timestamp":"2025-04-21T02:41:06.105Z","url":"/api/v1/verify","user":"anonymous"}
{"duration":2,"host":"Hamzas-MacBook-Pro.local","ip":"::1","level":"info","message":"POST /verify 401 - 2ms","method":"POST","service":"email-verification-api","status":401,"timestamp":"2025-04-21T02:41:07.826Z","url":"/api/v1/verify","user":"anonymous"}
{"duration":2,"host":"Hamzas-MacBook-Pro.local","ip":"::1","level":"warn","message":"Request error: POST /verify 401","method":"POST","service":"email-verification-api","status":401,"timestamp":"2025-04-21T02:41:07.826Z","url":"/api/v1/verify","user":"anonymous"}
{"duration":1,"host":"Hamzas-MacBook-Pro.local","ip":"::1","level":"info","message":"POST /verify 401 - 1ms","method":"POST","service":"email-verification-api","status":401,"timestamp":"2025-04-21T02:41:17.357Z","url":"/api/v1/verify","user":"anonymous"}
{"duration":1,"host":"Hamzas-MacBook-Pro.local","ip":"::1","level":"warn","message":"Request error: POST /verify 401","method":"POST","service":"email-verification-api","status":401,"timestamp":"2025-04-21T02:41:17.358Z","url":"/api/v1/verify","user":"anonymous"}
{"duration":1,"host":"Hamzas-MacBook-Pro.local","ip":"::1","level":"info","message":"POST /verify 401 - 1ms","method":"POST","service":"email-verification-api","status":401,"timestamp":"2025-04-21T02:43:18.273Z","url":"/api/v1/verify","user":"anonymous"}
{"duration":1,"host":"Hamzas-MacBook-Pro.local","ip":"::1","level":"warn","message":"Request error: POST /verify 401","method":"POST","service":"email-verification-api","status":401,"timestamp":"2025-04-21T02:43:18.273Z","url":"/api/v1/verify","user":"anonymous"}
{"duration":1,"host":"Hamzas-MacBook-Pro.local","ip":"::1","level":"info","message":"POST /verify 401 - 1ms","method":"POST","service":"email-verification-api","status":401,"timestamp":"2025-04-21T02:44:51.037Z","url":"/api/v1/verify","user":"anonymous"}
{"duration":1,"host":"Hamzas-MacBook-Pro.local","ip":"::1","level":"warn","message":"Request error: POST /verify 401","method":"POST","service":"email-verification-api","status":401,"timestamp":"2025-04-21T02:44:51.038Z","url":"/api/v1/verify","user":"anonymous"}
{"endpoint":"/api/v1/verify","host":"Hamzas-MacBook-Pro.local","ip":"::1","level":"debug","message":"API Key Authentication","method":"POST","service":"email-verification-api","timestamp":"2025-04-21T02:44:59.196Z","userId":"6805aeb3e0217bff44b351e5"}
{"advanced":false,"email":"hamzaig@yahoo.com","host":"Hamzas-MacBook-Pro.local","level":"info","message":"Email verification request","service":"email-verification-api","skipCache":false,"timestamp":"2025-04-21T02:44:59.198Z","userId":"6805aeb3e0217bff44b351e5"}
{"error":"getCachedUserUsage is not a function","host":"Hamzas-MacBook-Pro.local","level":"error","message":"Verification endpoint error","service":"email-verification-api","stack":"TypeError: getCachedUserUsage is not a function\n    at /Users/hamzakhalid/Desktop/Drive/Professional/MoonSys/Projects/email-verification/backend/routes/production-api.js:57:23\n    at process.processTicksAndRejections (node:internal/process/task_queues:95:5)","timestamp":"2025-04-21T02:44:59.599Z"}
{"duration":731,"host":"Hamzas-MacBook-Pro.local","ip":"::1","level":"info","message":"POST /verify 500 - 731ms","method":"POST","service":"email-verification-api","status":500,"timestamp":"2025-04-21T02:44:59.600Z","url":"/api/v1/verify","user":"6805aeb3e0217bff44b351e5"}
{"body":"{\"email\":\"hamzaig@yahoo.com\"}","duration":731,"host":"Hamzas-MacBook-Pro.local","ip":"::1","level":"error","message":"Request error: POST /verify 500","method":"POST","query":"{}","service":"email-verification-api","status":500,"timestamp":"2025-04-21T02:44:59.601Z","url":"/api/v1/verify","user":"6805aeb3e0217bff44b351e5"}
{"endpoint":"/api/v1/verify","host":"Hamzas-MacBook-Pro.local","ip":"::1","level":"debug","message":"API Key Authentication","method":"POST","service":"email-verification-api","timestamp":"2025-04-21T02:45:19.928Z","userId":"6805aeb3e0217bff44b351e5"}
{"advanced":false,"email":"hamzaig@yahoo.com","host":"Hamzas-MacBook-Pro.local","level":"info","message":"Email verification request","service":"email-verification-api","skipCache":false,"timestamp":"2025-04-21T02:45:19.928Z","userId":"6805aeb3e0217bff44b351e5"}
{"error":"getCachedUserUsage is not a function","host":"Hamzas-MacBook-Pro.local","level":"error","message":"Verification endpoint error","service":"email-verification-api","stack":"TypeError: getCachedUserUsage is not a function\n    at /Users/hamzakhalid/Desktop/Drive/Professional/MoonSys/Projects/email-verification/backend/routes/production-api.js:57:23\n    at process.processTicksAndRejections (node:internal/process/task_queues:95:5)","timestamp":"2025-04-21T02:45:20.248Z"}
{"duration":674,"host":"Hamzas-MacBook-Pro.local","ip":"::1","level":"info","message":"POST /verify 500 - 674ms","method":"POST","service":"email-verification-api","status":500,"timestamp":"2025-04-21T02:45:20.250Z","url":"/api/v1/verify","user":"6805aeb3e0217bff44b351e5"}
{"body":"{\"email\":\"hamzaig@yahoo.com\"}","duration":674,"host":"Hamzas-MacBook-Pro.local","ip":"::1","level":"error","message":"Request error: POST /verify 500","method":"POST","query":"{}","service":"email-verification-api","status":500,"timestamp":"2025-04-21T02:45:20.250Z","url":"/api/v1/verify","user":"6805aeb3e0217bff44b351e5"}
{"error":"listen EADDRINUSE: address already in use :::3000","host":"Hamzas-MacBook-Pro.local","level":"error","message":"Uncaught exception","service":"email-verification-api","stack":"Error: listen EADDRINUSE: address already in use :::3000\n    at Server.setupListenHandle [as _listen2] (node:net:1898:16)\n    at listenInCluster (node:net:1946:12)\n    at Server.listen (node:net:2044:7)\n    at Function.listen (/Users/hamzakhalid/Desktop/Drive/Professional/MoonSys/Projects/email-verification/backend/node_modules/express/lib/application.js:635:24)\n    at Object.<anonymous> (/Users/hamzakhalid/Desktop/Drive/Professional/MoonSys/Projects/email-verification/backend/server.js:100:5)\n    at Module._compile (node:internal/modules/cjs/loader:1358:14)\n    at Module._extensions..js (node:internal/modules/cjs/loader:1416:10)\n    at Module.load (node:internal/modules/cjs/loader:1208:32)\n    at Module._load (node:internal/modules/cjs/loader:1024:12)\n    at Function.executeUserEntryPoint [as runMain] (node:internal/modules/run_main:174:12)","timestamp":"2025-04-21T02:45:27.044Z"}
{"host":"Hamzas-MacBook-Pro.local","level":"info","message":"Redis connection for IP rotation established","service":"email-verification-api","timestamp":"2025-04-21T02:45:27.056Z"}
{"host":"Hamzas-MacBook-Pro.local","level":"info","message":"Redis cache connection established","service":"email-verification-api","timestamp":"2025-04-21T02:45:27.056Z"}
{"host":"Hamzas-MacBook-Pro.local","level":"info","message":"Redis connection for security established","service":"email-verification-api","timestamp":"2025-04-21T02:45:27.056Z"}
{"endpoint":"/api/v1/verify","host":"Hamzas-MacBook-Pro.local","ip":"::1","level":"debug","message":"API Key Authentication","method":"POST","service":"email-verification-api","timestamp":"2025-04-21T02:45:39.288Z","userId":"6805aeb3e0217bff44b351e5"}
{"advanced":false,"email":"hamzaig@yahoo.com","host":"Hamzas-MacBook-Pro.local","level":"info","message":"Email verification request","service":"email-verification-api","skipCache":false,"timestamp":"2025-04-21T02:45:39.288Z","userId":"6805aeb3e0217bff44b351e5"}
{"error":"getCachedUserUsage is not a function","host":"Hamzas-MacBook-Pro.local","level":"error","message":"Verification endpoint error","service":"email-verification-api","stack":"TypeError: getCachedUserUsage is not a function\n    at /Users/hamzakhalid/Desktop/Drive/Professional/MoonSys/Projects/email-verification/backend/routes/production-api.js:57:23\n    at process.processTicksAndRejections (node:internal/process/task_queues:95:5)","timestamp":"2025-04-21T02:45:39.616Z"}
{"duration":662,"host":"Hamzas-MacBook-Pro.local","ip":"::1","level":"info","message":"POST /verify 500 - 662ms","method":"POST","service":"email-verification-api","status":500,"timestamp":"2025-04-21T02:45:39.618Z","url":"/api/v1/verify","user":"6805aeb3e0217bff44b351e5"}
{"body":"{\"email\":\"hamzaig@yahoo.com\"}","duration":662,"host":"Hamzas-MacBook-Pro.local","ip":"::1","level":"error","message":"Request error: POST /verify 500","method":"POST","query":"{}","service":"email-verification-api","status":500,"timestamp":"2025-04-21T02:45:39.618Z","url":"/api/v1/verify","user":"6805aeb3e0217bff44b351e5"}
{"host":"Hamzas-MacBook-Pro.local","level":"info","message":"Server running on port 3000","service":"email-verification-api","timestamp":"2025-04-21T02:45:58.372Z"}
{"host":"Hamzas-MacBook-Pro.local","level":"info","message":"Environment: development","service":"email-verification-api","timestamp":"2025-04-21T02:45:58.374Z"}
{"host":"Hamzas-MacBook-Pro.local","level":"info","message":"Redis connection for security established","service":"email-verification-api","timestamp":"2025-04-21T02:45:58.384Z"}
{"host":"Hamzas-MacBook-Pro.local","level":"info","message":"Redis connection for IP rotation established","service":"email-verification-api","timestamp":"2025-04-21T02:45:58.385Z"}
{"host":"Hamzas-MacBook-Pro.local","level":"info","message":"Redis cache connection established","service":"email-verification-api","timestamp":"2025-04-21T02:45:58.385Z"}
{"endpoint":"/api/v1/verify","host":"Hamzas-MacBook-Pro.local","ip":"::1","level":"debug","message":"API Key Authentication","method":"POST","service":"email-verification-api","timestamp":"2025-04-21T02:46:04.175Z","userId":"6805aeb3e0217bff44b351e5"}
{"advanced":false,"email":"hamzaig@yahoo.com","host":"Hamzas-MacBook-Pro.local","level":"info","message":"Email verification request","service":"email-verification-api","skipCache":false,"timestamp":"2025-04-21T02:46:04.175Z","userId":"6805aeb3e0217bff44b351e5"}
{"error":"getCachedUserUsage is not a function","host":"Hamzas-MacBook-Pro.local","level":"error","message":"Verification endpoint error","service":"email-verification-api","stack":"TypeError: getCachedUserUsage is not a function\n    at /Users/hamzakhalid/Desktop/Drive/Professional/MoonSys/Projects/email-verification/backend/routes/production-api.js:57:23\n    at process.processTicksAndRejections (node:internal/process/task_queues:95:5)","timestamp":"2025-04-21T02:46:04.489Z"}
{"duration":643,"host":"Hamzas-MacBook-Pro.local","ip":"::1","level":"info","message":"POST /verify 500 - 643ms","method":"POST","service":"email-verification-api","status":500,"timestamp":"2025-04-21T02:46:04.494Z","url":"/api/v1/verify","user":"6805aeb3e0217bff44b351e5"}
{"body":"{\"email\":\"hamzaig@yahoo.com\"}","duration":643,"host":"Hamzas-MacBook-Pro.local","ip":"::1","level":"error","message":"Request error: POST /verify 500","method":"POST","query":"{}","service":"email-verification-api","status":500,"timestamp":"2025-04-21T02:46:04.495Z","url":"/api/v1/verify","user":"6805aeb3e0217bff44b351e5"}
{"endpoint":"/api/v1/verify","host":"Hamzas-MacBook-Pro.local","ip":"::1","level":"debug","message":"API Key Authentication","method":"POST","service":"email-verification-api","timestamp":"2025-04-21T02:46:59.629Z","userId":"6805aeb3e0217bff44b351e5"}
{"advanced":false,"email":"hamzaig@yahoo.com","host":"Hamzas-MacBook-Pro.local","level":"info","message":"Email verification request","service":"email-verification-api","skipCache":false,"timestamp":"2025-04-21T02:46:59.630Z","userId":"6805aeb3e0217bff44b351e5"}
{"error":"getCachedUserUsage is not a function","host":"Hamzas-MacBook-Pro.local","level":"error","message":"Verification endpoint error","service":"email-verification-api","stack":"TypeError: getCachedUserUsage is not a function\n    at /Users/hamzakhalid/Desktop/Drive/Professional/MoonSys/Projects/email-verification/backend/routes/production-api.js:57:23\n    at process.processTicksAndRejections (node:internal/process/task_queues:95:5)","timestamp":"2025-04-21T02:46:59.947Z"}
{"duration":618,"host":"Hamzas-MacBook-Pro.local","ip":"::1","level":"info","message":"POST /verify 500 - 618ms","method":"POST","service":"email-verification-api","status":500,"timestamp":"2025-04-21T02:46:59.949Z","url":"/api/v1/verify","user":"6805aeb3e0217bff44b351e5"}
{"body":"{\"email\":\"hamzaig@yahoo.com\"}","duration":618,"host":"Hamzas-MacBook-Pro.local","ip":"::1","level":"error","message":"Request error: POST /verify 500","method":"POST","query":"{}","service":"email-verification-api","status":500,"timestamp":"2025-04-21T02:46:59.950Z","url":"/api/v1/verify","user":"6805aeb3e0217bff44b351e5"}
{"endpoint":"/api/v1/verify","host":"Hamzas-MacBook-Pro.local","ip":"::1","level":"debug","message":"API Key Authentication","method":"POST","service":"email-verification-api","timestamp":"2025-04-21T02:47:53.457Z","userId":"6805aeb3e0217bff44b351e5"}
{"advanced":false,"email":"hamzaig@yahoo.com","host":"Hamzas-MacBook-Pro.local","level":"info","message":"Email verification request","service":"email-verification-api","skipCache":false,"timestamp":"2025-04-21T02:47:53.458Z","userId":"6805aeb3e0217bff44b351e5"}
{"error":"getCachedUserUsage is not a function","host":"Hamzas-MacBook-Pro.local","level":"error","message":"Verification endpoint error","service":"email-verification-api","stack":"TypeError: getCachedUserUsage is not a function\n    at /Users/hamzakhalid/Desktop/Drive/Professional/MoonSys/Projects/email-verification/backend/routes/production-api.js:57:23\n    at process.processTicksAndRejections (node:internal/process/task_queues:95:5)","timestamp":"2025-04-21T02:47:53.773Z"}
{"duration":614,"host":"Hamzas-MacBook-Pro.local","ip":"::1","level":"info","message":"POST /verify 500 - 614ms","method":"POST","service":"email-verification-api","status":500,"timestamp":"2025-04-21T02:47:53.775Z","url":"/api/v1/verify","user":"6805aeb3e0217bff44b351e5"}
{"body":"{\"email\":\"hamzaig@yahoo.com\"}","duration":614,"host":"Hamzas-MacBook-Pro.local","ip":"::1","level":"error","message":"Request error: POST /verify 500","method":"POST","query":"{}","service":"email-verification-api","status":500,"timestamp":"2025-04-21T02:47:53.775Z","url":"/api/v1/verify","user":"6805aeb3e0217bff44b351e5"}
{"endpoint":"/api/v1/verify","host":"Hamzas-MacBook-Pro.local","ip":"::1","level":"debug","message":"API Key Authentication","method":"POST","service":"email-verification-api","timestamp":"2025-04-21T02:48:34.261Z","userId":"6805aeb3e0217bff44b351e5"}
{"advanced":false,"email":"hamzaig@yahoo.com","host":"Hamzas-MacBook-Pro.local","level":"info","message":"Email verification request","service":"email-verification-api","skipCache":false,"timestamp":"2025-04-21T02:48:34.262Z","userId":"6805aeb3e0217bff44b351e5"}
{"error":"getCachedUserUsage is not a function","host":"Hamzas-MacBook-Pro.local","level":"error","message":"Verification endpoint error","service":"email-verification-api","stack":"TypeError: getCachedUserUsage is not a function\n    at /Users/hamzakhalid/Desktop/Drive/Professional/MoonSys/Projects/email-verification/backend/routes/production-api.js:57:23\n    at process.processTicksAndRejections (node:internal/process/task_queues:95:5)","timestamp":"2025-04-21T02:48:34.571Z"}
{"duration":607,"host":"Hamzas-MacBook-Pro.local","ip":"::1","level":"info","message":"POST /verify 500 - 607ms","method":"POST","service":"email-verification-api","status":500,"timestamp":"2025-04-21T02:48:34.573Z","url":"/api/v1/verify","user":"6805aeb3e0217bff44b351e5"}
{"body":"{\"email\":\"hamzaig@yahoo.com\"}","duration":607,"host":"Hamzas-MacBook-Pro.local","ip":"::1","level":"error","message":"Request error: POST /verify 500","method":"POST","query":"{}","service":"email-verification-api","status":500,"timestamp":"2025-04-21T02:48:34.573Z","url":"/api/v1/verify","user":"6805aeb3e0217bff44b351e5"}
{"endpoint":"/api/v1/verify","host":"Hamzas-MacBook-Pro.local","ip":"::1","level":"debug","message":"API Key Authentication","method":"POST","service":"email-verification-api","timestamp":"2025-04-21T02:50:00.722Z","userId":"6805aeb3e0217bff44b351e5"}
{"advanced":false,"email":"hamzaig@yahoo.com","host":"Hamzas-MacBook-Pro.local","level":"info","message":"Email verification request","service":"email-verification-api","skipCache":false,"timestamp":"2025-04-21T02:50:00.723Z","userId":"6805aeb3e0217bff44b351e5"}
{"error":"getCachedUserUsage is not a function","host":"Hamzas-MacBook-Pro.local","level":"error","message":"Verification endpoint error","service":"email-verification-api","stack":"TypeError: getCachedUserUsage is not a function\n    at /Users/hamzakhalid/Desktop/Drive/Professional/MoonSys/Projects/email-verification/backend/routes/production-api.js:57:23\n    at process.processTicksAndRejections (node:internal/process/task_queues:95:5)","timestamp":"2025-04-21T02:50:01.033Z"}
{"duration":655,"host":"Hamzas-MacBook-Pro.local","ip":"::1","level":"info","message":"POST /verify 500 - 655ms","method":"POST","service":"email-verification-api","status":500,"timestamp":"2025-04-21T02:50:01.034Z","url":"/api/v1/verify","user":"6805aeb3e0217bff44b351e5"}
{"body":"{\"email\":\"hamzaig@yahoo.com\"}","duration":655,"host":"Hamzas-MacBook-Pro.local","ip":"::1","level":"error","message":"Request error: POST /verify 500","method":"POST","query":"{}","service":"email-verification-api","status":500,"timestamp":"2025-04-21T02:50:01.035Z","url":"/api/v1/verify","user":"6805aeb3e0217bff44b351e5"}
{"error":"A metric with the name process_cpu_user_seconds_total has already been registered.","host":"Hamzas-MacBook-Pro.local","level":"warn","message":"Could not initialize promster middleware","service":"email-verification-api","timestamp":"2025-04-21T02:50:51.406Z"}
{"error":"listen EADDRINUSE: address already in use :::3000","host":"Hamzas-MacBook-Pro.local","level":"error","message":"Uncaught exception","service":"email-verification-api","stack":"Error: listen EADDRINUSE: address already in use :::3000\n    at Server.setupListenHandle [as _listen2] (node:net:1898:16)\n    at listenInCluster (node:net:1946:12)\n    at Server.listen (node:net:2044:7)\n    at Function.listen (/Users/hamzakhalid/Desktop/Drive/Professional/MoonSys/Projects/email-verification/backend/node_modules/express/lib/application.js:635:24)\n    at Object.<anonymous> (/Users/hamzakhalid/Desktop/Drive/Professional/MoonSys/Projects/email-verification/backend/server.js:100:5)\n    at Module._compile (node:internal/modules/cjs/loader:1358:14)\n    at Module._extensions..js (node:internal/modules/cjs/loader:1416:10)\n    at Module.load (node:internal/modules/cjs/loader:1208:32)\n    at Module._load (node:internal/modules/cjs/loader:1024:12)\n    at Function.executeUserEntryPoint [as runMain] (node:internal/modules/run_main:174:12)","timestamp":"2025-04-21T02:50:51.874Z"}
{"host":"Hamzas-MacBook-Pro.local","level":"info","message":"Redis connection for IP rotation established","service":"email-verification-api","timestamp":"2025-04-21T02:50:51.882Z"}
{"host":"Hamzas-MacBook-Pro.local","level":"info","message":"Redis client ready","service":"email-verification-api","timestamp":"2025-04-21T02:50:51.882Z"}
{"host":"Hamzas-MacBook-Pro.local","level":"info","message":"Redis cache connection established","service":"email-verification-api","timestamp":"2025-04-21T02:50:51.882Z"}
{"host":"Hamzas-MacBook-Pro.local","level":"info","message":"Redis connection for security established","service":"email-verification-api","timestamp":"2025-04-21T02:50:51.883Z"}
{"error":"A metric with the name process_cpu_user_seconds_total has already been registered.","host":"Hamzas-MacBook-Pro.local","level":"warn","message":"Could not initialize promster middleware","service":"email-verification-api","timestamp":"2025-04-21T02:51:14.245Z"}
{"host":"Hamzas-MacBook-Pro.local","level":"info","message":"Server running on port 3000","service":"email-verification-api","timestamp":"2025-04-21T02:51:14.575Z"}
{"host":"Hamzas-MacBook-Pro.local","level":"info","message":"Environment: development","service":"email-verification-api","timestamp":"2025-04-21T02:51:14.576Z"}
{"host":"Hamzas-MacBook-Pro.local","level":"info","message":"Redis connection for IP rotation established","service":"email-verification-api","timestamp":"2025-04-21T02:51:14.583Z"}
{"host":"Hamzas-MacBook-Pro.local","level":"info","message":"Redis client ready","service":"email-verification-api","timestamp":"2025-04-21T02:51:14.584Z"}
{"host":"Hamzas-MacBook-Pro.local","level":"info","message":"Redis cache connection established","service":"email-verification-api","timestamp":"2025-04-21T02:51:14.584Z"}
{"host":"Hamzas-MacBook-Pro.local","level":"info","message":"Redis connection for security established","service":"email-verification-api","timestamp":"2025-04-21T02:51:14.584Z"}
{"host":"Hamzas-MacBook-Pro.local","level":"info","message":"Received shutdown signal, closing connections...","service":"email-verification-api","timestamp":"2025-04-21T02:51:20.754Z"}
{"host":"Hamzas-MacBook-Pro.local","level":"info","message":"Shutdown complete","service":"email-verification-api","timestamp":"2025-04-21T02:51:20.754Z"}
{"host":"Hamzas-MacBook-Pro.local","level":"info","message":"Received shutdown signal, closing connections...","service":"email-verification-api","timestamp":"2025-04-21T02:51:20.755Z"}
{"host":"Hamzas-MacBook-Pro.local","level":"info","message":"Shutdown complete","service":"email-verification-api","timestamp":"2025-04-21T02:51:20.755Z"}
{"host":"Hamzas-MacBook-Pro.local","level":"info","message":"Received shutdown signal, closing connections...","service":"email-verification-api","timestamp":"2025-04-21T02:51:20.756Z"}
{"host":"Hamzas-MacBook-Pro.local","level":"info","message":"Shutdown complete","service":"email-verification-api","timestamp":"2025-04-21T02:51:20.756Z"}
{"error":"A metric with the name process_cpu_user_seconds_total has already been registered.","host":"Hamzas-MacBook-Pro.local","level":"warn","message":"Could not initialize promster middleware","service":"email-verification-api","timestamp":"2025-04-21T02:52:30.391Z"}
{"host":"Hamzas-MacBook-Pro.local","level":"info","message":"Server running on port 3000","service":"email-verification-api","timestamp":"2025-04-21T02:52:30.903Z"}
{"host":"Hamzas-MacBook-Pro.local","level":"info","message":"Environment: development","service":"email-verification-api","timestamp":"2025-04-21T02:52:30.903Z"}
{"host":"Hamzas-MacBook-Pro.local","level":"info","message":"Redis connection for security established","service":"email-verification-api","timestamp":"2025-04-21T02:52:30.914Z"}
{"host":"Hamzas-MacBook-Pro.local","level":"info","message":"Redis connection for IP rotation established","service":"email-verification-api","timestamp":"2025-04-21T02:52:30.914Z"}
{"host":"Hamzas-MacBook-Pro.local","level":"info","message":"Redis client ready","service":"email-verification-api","timestamp":"2025-04-21T02:52:30.914Z"}
{"host":"Hamzas-MacBook-Pro.local","level":"info","message":"Redis cache connection established","service":"email-verification-api","timestamp":"2025-04-21T02:52:30.914Z"}
{"duration":14,"host":"Hamzas-MacBook-Pro.local","ip":"::1","level":"info","message":"POST /verify 401 - 14ms","method":"POST","service":"email-verification-api","status":401,"timestamp":"2025-04-21T02:52:40.182Z","url":"/api/v1/verify","user":"anonymous"}
{"duration":14,"host":"Hamzas-MacBook-Pro.local","ip":"::1","level":"warn","message":"Request error: POST /verify 401","method":"POST","service":"email-verification-api","status":401,"timestamp":"2025-04-21T02:52:40.182Z","url":"/api/v1/verify","user":"anonymous"}
{"endpoint":"/api/v1/verify","host":"Hamzas-MacBook-Pro.local","ip":"::1","level":"debug","message":"API Key Authentication","method":"POST","service":"email-verification-api","timestamp":"2025-04-21T02:53:08.777Z","userId":"6805aeb3e0217bff44b351e5"}
{"advanced":false,"email":"admin@moonsys.co","host":"Hamzas-MacBook-Pro.local","level":"info","message":"Email verification request","service":"email-verification-api","skipCache":false,"timestamp":"2025-04-21T02:53:08.777Z","userId":"6805aeb3e0217bff44b351e5"}
{"email":"admin@moonsys.co","error":"isDomainCurrentlyBlocked is not defined","host":"Hamzas-MacBook-Pro.local","level":"error","message":"Email verification error:","service":"email-verification-api","stack":"ReferenceError: isDomainCurrentlyBlocked is not defined\n    at EnhancedEmailVerifier.verify (/Users/hamzakhalid/Desktop/Drive/Professional/MoonSys/Projects/email-verification/backend/utils/enhancedEmailVerifier.js:192:30)\n    at async /Users/hamzakhalid/Desktop/Drive/Professional/MoonSys/Projects/email-verification/backend/routes/production-api.js:156:22","timestamp":"2025-04-21T02:53:10.383Z"}
{"duration":2287,"host":"Hamzas-MacBook-Pro.local","ip":"::1","level":"info","message":"POST /verify 200 - 2287ms","method":"POST","service":"email-verification-api","status":200,"timestamp":"2025-04-21T02:53:10.700Z","url":"/api/v1/verify","user":"6805aeb3e0217bff44b351e5"}
{"endpoint":"/api/v1/verify","host":"Hamzas-MacBook-Pro.local","ip":"::1","level":"debug","message":"API Key Authentication","method":"POST","service":"email-verification-api","timestamp":"2025-04-21T02:53:56.800Z","userId":"6805aeb3e0217bff44b351e5"}
{"advanced":false,"email":"admin@moonsys.co","host":"Hamzas-MacBook-Pro.local","level":"info","message":"Email verification request","service":"email-verification-api","skipCache":false,"timestamp":"2025-04-21T02:53:56.801Z","userId":"6805aeb3e0217bff44b351e5"}
{"email":"admin@moonsys.co","error":"isDomainCurrentlyBlocked is not defined","host":"Hamzas-MacBook-Pro.local","level":"error","message":"Email verification error:","service":"email-verification-api","stack":"ReferenceError: isDomainCurrentlyBlocked is not defined\n    at EnhancedEmailVerifier.verify (/Users/hamzakhalid/Desktop/Drive/Professional/MoonSys/Projects/email-verification/backend/utils/enhancedEmailVerifier.js:192:30)\n    at async /Users/hamzakhalid/Desktop/Drive/Professional/MoonSys/Projects/email-verification/backend/routes/production-api.js:156:22","timestamp":"2025-04-21T02:53:57.421Z"}
{"duration":1243,"host":"Hamzas-MacBook-Pro.local","ip":"::1","level":"info","message":"POST /verify 200 - 1243ms","method":"POST","service":"email-verification-api","status":200,"timestamp":"2025-04-21T02:53:57.724Z","url":"/api/v1/verify","user":"6805aeb3e0217bff44b351e5"}
{"endpoint":"/api/v1/verify","host":"Hamzas-MacBook-Pro.local","ip":"::1","level":"debug","message":"API Key Authentication","method":"POST","service":"email-verification-api","timestamp":"2025-04-21T02:55:16.813Z","userId":"6805aeb3e0217bff44b351e5"}
{"advanced":false,"email":"admin@moonsys.co","host":"Hamzas-MacBook-Pro.local","level":"info","message":"Email verification request","service":"email-verification-api","skipCache":false,"timestamp":"2025-04-21T02:55:16.814Z","userId":"6805aeb3e0217bff44b351e5"}
{"email":"admin@moonsys.co","error":"isDomainCurrentlyBlocked is not defined","host":"Hamzas-MacBook-Pro.local","level":"error","message":"Email verification error:","service":"email-verification-api","stack":"ReferenceError: isDomainCurrentlyBlocked is not defined\n    at EnhancedEmailVerifier.verify (/Users/hamzakhalid/Desktop/Drive/Professional/MoonSys/Projects/email-verification/backend/utils/enhancedEmailVerifier.js:192:30)\n    at async /Users/hamzakhalid/Desktop/Drive/Professional/MoonSys/Projects/email-verification/backend/routes/production-api.js:156:22","timestamp":"2025-04-21T02:55:17.488Z"}
{"duration":1316,"host":"Hamzas-MacBook-Pro.local","ip":"::1","level":"info","message":"POST /verify 200 - 1316ms","method":"POST","service":"email-verification-api","status":200,"timestamp":"2025-04-21T02:55:17.818Z","url":"/api/v1/verify","user":"6805aeb3e0217bff44b351e5"}
{"endpoint":"/api/v1/verify","host":"Hamzas-MacBook-Pro.local","ip":"::1","level":"debug","message":"API Key Authentication","method":"POST","service":"email-verification-api","timestamp":"2025-04-21T02:55:45.726Z","userId":"6805aeb3e0217bff44b351e5"}
{"advanced":false,"email":"admin@moonsys.co","host":"Hamzas-MacBook-Pro.local","level":"info","message":"Email verification request","service":"email-verification-api","skipCache":false,"timestamp":"2025-04-21T02:55:45.726Z","userId":"6805aeb3e0217bff44b351e5"}
{"email":"admin@moonsys.co","error":"isDomainCurrentlyBlocked is not defined","host":"Hamzas-MacBook-Pro.local","level":"error","message":"Email verification error:","service":"email-verification-api","stack":"ReferenceError: isDomainCurrentlyBlocked is not defined\n    at EnhancedEmailVerifier.verify (/Users/hamzakhalid/Desktop/Drive/Professional/MoonSys/Projects/email-verification/backend/utils/enhancedEmailVerifier.js:192:30)\n    at async /Users/hamzakhalid/Desktop/Drive/Professional/MoonSys/Projects/email-verification/backend/routes/production-api.js:156:22","timestamp":"2025-04-21T02:55:46.363Z"}
{"duration":1266,"host":"Hamzas-MacBook-Pro.local","ip":"::1","level":"info","message":"POST /verify 200 - 1266ms","method":"POST","service":"email-verification-api","status":200,"timestamp":"2025-04-21T02:55:46.671Z","url":"/api/v1/verify","user":"6805aeb3e0217bff44b351e5"}
{"endpoint":"/api/v1/verify","host":"Hamzas-MacBook-Pro.local","ip":"::1","level":"debug","message":"API Key Authentication","method":"POST","service":"email-verification-api","timestamp":"2025-04-21T02:56:32.676Z","userId":"6805aeb3e0217bff44b351e5"}
{"advanced":false,"email":"admin@moonsys.co","host":"Hamzas-MacBook-Pro.local","level":"info","message":"Email verification request","service":"email-verification-api","skipCache":false,"timestamp":"2025-04-21T02:56:32.676Z","userId":"6805aeb3e0217bff44b351e5"}
{"email":"admin@moonsys.co","error":"isDomainCurrentlyBlocked is not defined","host":"Hamzas-MacBook-Pro.local","level":"error","message":"Email verification error:","service":"email-verification-api","stack":"ReferenceError: isDomainCurrentlyBlocked is not defined\n    at EnhancedEmailVerifier.verify (/Users/hamzakhalid/Desktop/Drive/Professional/MoonSys/Projects/email-verification/backend/utils/enhancedEmailVerifier.js:192:30)\n    at async /Users/hamzakhalid/Desktop/Drive/Professional/MoonSys/Projects/email-verification/backend/routes/production-api.js:156:22","timestamp":"2025-04-21T02:56:33.293Z"}
{"duration":1244,"host":"Hamzas-MacBook-Pro.local","ip":"::1","level":"info","message":"POST /verify 200 - 1244ms","method":"POST","service":"email-verification-api","status":200,"timestamp":"2025-04-21T02:56:33.600Z","url":"/api/v1/verify","user":"6805aeb3e0217bff44b351e5"}
{"host":"Hamzas-MacBook-Pro.local","level":"info","message":"Received shutdown signal, closing connections...","service":"email-verification-api","timestamp":"2025-04-21T02:56:41.190Z"}
{"host":"Hamzas-MacBook-Pro.local","level":"info","message":"Shutdown complete","service":"email-verification-api","timestamp":"2025-04-21T02:56:41.190Z"}
{"error":"A metric with the name process_cpu_user_seconds_total has already been registered.","host":"Hamzas-MacBook-Pro.local","level":"warn","message":"Could not initialize promster middleware","service":"email-verification-api","timestamp":"2025-04-21T02:57:49.401Z"}
{"host":"Hamzas-MacBook-Pro.local","level":"info","message":"Server running on port 3000","service":"email-verification-api","timestamp":"2025-04-21T02:57:49.738Z"}
{"host":"Hamzas-MacBook-Pro.local","level":"info","message":"Environment: development","service":"email-verification-api","timestamp":"2025-04-21T02:57:49.738Z"}
{"host":"Hamzas-MacBook-Pro.local","level":"info","message":"Redis connection for security established","service":"email-verification-api","timestamp":"2025-04-21T02:57:49.746Z"}
{"host":"Hamzas-MacBook-Pro.local","level":"info","message":"Redis connection for IP rotation established","service":"email-verification-api","timestamp":"2025-04-21T02:57:49.746Z"}
{"host":"Hamzas-MacBook-Pro.local","level":"info","message":"Redis client ready","service":"email-verification-api","timestamp":"2025-04-21T02:57:49.746Z"}
{"host":"Hamzas-MacBook-Pro.local","level":"info","message":"Redis cache connection established","service":"email-verification-api","timestamp":"2025-04-21T02:57:49.746Z"}
{"host":"Hamzas-MacBook-Pro.local","level":"info","message":"Received shutdown signal, closing connections...","service":"email-verification-api","timestamp":"2025-04-21T02:57:53.187Z"}
{"host":"Hamzas-MacBook-Pro.local","level":"info","message":"Shutdown complete","service":"email-verification-api","timestamp":"2025-04-21T02:57:53.187Z"}
{"host":"Hamzas-MacBook-Pro.local","level":"info","message":"Received shutdown signal, closing connections...","service":"email-verification-api","timestamp":"2025-04-21T02:57:53.188Z"}
{"host":"Hamzas-MacBook-Pro.local","level":"info","message":"Shutdown complete","service":"email-verification-api","timestamp":"2025-04-21T02:57:53.188Z"}
{"host":"Hamzas-MacBook-Pro.local","level":"info","message":"Received shutdown signal, closing connections...","service":"email-verification-api","timestamp":"2025-04-21T02:57:53.188Z"}
{"host":"Hamzas-MacBook-Pro.local","level":"info","message":"Shutdown complete","service":"email-verification-api","timestamp":"2025-04-21T02:57:53.188Z"}
{"host":"Hamzas-MacBook-Pro.local","level":"info","message":"Received shutdown signal, closing connections...","service":"email-verification-api","timestamp":"2025-04-21T02:57:53.188Z"}
{"host":"Hamzas-MacBook-Pro.local","level":"info","message":"Shutdown complete","service":"email-verification-api","timestamp":"2025-04-21T02:57:53.188Z"}
{"host":"Hamzas-MacBook-Pro.local","level":"info","message":"Received shutdown signal, closing connections...","service":"email-verification-api","timestamp":"2025-04-21T02:57:53.188Z"}
{"host":"Hamzas-MacBook-Pro.local","level":"info","message":"Shutdown complete","service":"email-verification-api","timestamp":"2025-04-21T02:57:53.188Z"}
{"host":"Hamzas-MacBook-Pro.local","level":"info","message":"Received shutdown signal, closing connections...","service":"email-verification-api","timestamp":"2025-04-21T02:57:53.189Z"}
{"host":"Hamzas-MacBook-Pro.local","level":"info","message":"Shutdown complete","service":"email-verification-api","timestamp":"2025-04-21T02:57:53.189Z"}
{"host":"Hamzas-MacBook-Pro.local","level":"info","message":"Received shutdown signal, closing connections...","service":"email-verification-api","timestamp":"2025-04-21T02:57:53.189Z"}
{"host":"Hamzas-MacBook-Pro.local","level":"info","message":"Shutdown complete","service":"email-verification-api","timestamp":"2025-04-21T02:57:53.189Z"}
{"host":"Hamzas-MacBook-Pro.local","level":"info","message":"Received shutdown signal, closing connections...","service":"email-verification-api","timestamp":"2025-04-21T02:57:53.189Z"}
{"host":"Hamzas-MacBook-Pro.local","level":"info","message":"Shutdown complete","service":"email-verification-api","timestamp":"2025-04-21T02:57:53.189Z"}
{"host":"Hamzas-MacBook-Pro.local","level":"info","message":"Received shutdown signal, closing connections...","service":"email-verification-api","timestamp":"2025-04-21T02:57:53.189Z"}
{"host":"Hamzas-MacBook-Pro.local","level":"info","message":"Shutdown complete","service":"email-verification-api","timestamp":"2025-04-21T02:57:53.189Z"}
{"host":"Hamzas-MacBook-Pro.local","level":"info","message":"Received shutdown signal, closing connections...","service":"email-verification-api","timestamp":"2025-04-21T02:57:53.190Z"}
{"host":"Hamzas-MacBook-Pro.local","level":"info","message":"Shutdown complete","service":"email-verification-api","timestamp":"2025-04-21T02:57:53.190Z"}
{"error":"A metric with the name process_cpu_user_seconds_total has already been registered.","host":"Hamzas-MacBook-Pro.local","level":"warn","message":"Could not initialize promster middleware","service":"email-verification-api","timestamp":"2025-04-21T02:58:08.174Z"}
{"host":"Hamzas-MacBook-Pro.local","level":"info","message":"Server running on port 3000","service":"email-verification-api","timestamp":"2025-04-21T02:58:08.455Z"}
{"host":"Hamzas-MacBook-Pro.local","level":"info","message":"Environment: development","service":"email-verification-api","timestamp":"2025-04-21T02:58:08.455Z"}
{"host":"Hamzas-MacBook-Pro.local","level":"info","message":"Redis connection for IP rotation established","service":"email-verification-api","timestamp":"2025-04-21T02:58:08.464Z"}
{"host":"Hamzas-MacBook-Pro.local","level":"info","message":"Redis client ready","service":"email-verification-api","timestamp":"2025-04-21T02:58:08.464Z"}
{"host":"Hamzas-MacBook-Pro.local","level":"info","message":"Redis cache connection established","service":"email-verification-api","timestamp":"2025-04-21T02:58:08.465Z"}
{"host":"Hamzas-MacBook-Pro.local","level":"info","message":"Redis connection for security established","service":"email-verification-api","timestamp":"2025-04-21T02:58:08.465Z"}
{"host":"Hamzas-MacBook-Pro.local","level":"info","message":"Received shutdown signal, closing connections...","service":"email-verification-api","timestamp":"2025-04-21T02:58:12.884Z"}
{"host":"Hamzas-MacBook-Pro.local","level":"info","message":"Shutdown complete","service":"email-verification-api","timestamp":"2025-04-21T02:58:12.884Z"}
{"host":"Hamzas-MacBook-Pro.local","level":"info","message":"Received shutdown signal, closing connections...","service":"email-verification-api","timestamp":"2025-04-21T02:58:12.885Z"}
{"host":"Hamzas-MacBook-Pro.local","level":"info","message":"Shutdown complete","service":"email-verification-api","timestamp":"2025-04-21T02:58:12.885Z"}
{"host":"Hamzas-MacBook-Pro.local","level":"info","message":"Received shutdown signal, closing connections...","service":"email-verification-api","timestamp":"2025-04-21T02:58:12.887Z"}
{"host":"Hamzas-MacBook-Pro.local","level":"info","message":"Shutdown complete","service":"email-verification-api","timestamp":"2025-04-21T02:58:12.887Z"}
{"error":"A metric with the name process_cpu_user_seconds_total has already been registered.","host":"Hamzas-MacBook-Pro.local","level":"warn","message":"Could not initialize promster middleware","service":"email-verification-api","timestamp":"2025-04-21T02:58:43.359Z"}
{"host":"Hamzas-MacBook-Pro.local","level":"info","message":"Server running on port 3000","service":"email-verification-api","timestamp":"2025-04-21T02:58:43.638Z"}
{"host":"Hamzas-MacBook-Pro.local","level":"info","message":"Environment: development","service":"email-verification-api","timestamp":"2025-04-21T02:58:43.639Z"}
{"host":"Hamzas-MacBook-Pro.local","level":"info","message":"Redis connection for IP rotation established","service":"email-verification-api","timestamp":"2025-04-21T02:58:43.646Z"}
{"host":"Hamzas-MacBook-Pro.local","level":"info","message":"Redis client ready","service":"email-verification-api","timestamp":"2025-04-21T02:58:43.647Z"}
{"host":"Hamzas-MacBook-Pro.local","level":"info","message":"Redis cache connection established","service":"email-verification-api","timestamp":"2025-04-21T02:58:43.647Z"}
{"host":"Hamzas-MacBook-Pro.local","level":"info","message":"Redis connection for security established","service":"email-verification-api","timestamp":"2025-04-21T02:58:43.647Z"}
{"duration":9,"host":"Hamzas-MacBook-Pro.local","ip":"::1","level":"info","message":"POST /verify 401 - 9ms","method":"POST","service":"email-verification-api","status":401,"timestamp":"2025-04-21T02:59:47.714Z","url":"/api/v1/verify","user":"anonymous"}
{"duration":9,"host":"Hamzas-MacBook-Pro.local","ip":"::1","level":"warn","message":"Request error: POST /verify 401","method":"POST","service":"email-verification-api","status":401,"timestamp":"2025-04-21T02:59:47.714Z","url":"/api/v1/verify","user":"anonymous"}
{"endpoint":"/api/v1/verify","host":"Hamzas-MacBook-Pro.local","ip":"::1","level":"debug","message":"API Key Authentication","method":"POST","service":"email-verification-api","timestamp":"2025-04-21T03:00:14.934Z","userId":"6805aeb3e0217bff44b351e5"}
{"advanced":false,"email":"admin@moonsys.co","host":"Hamzas-MacBook-Pro.local","level":"info","message":"Email verification request","service":"email-verification-api","skipCache":false,"timestamp":"2025-04-21T03:00:14.935Z","userId":"6805aeb3e0217bff44b351e5"}
{"duration":1464,"host":"Hamzas-MacBook-Pro.local","ip":"::1","level":"info","message":"POST /verify 200 - 1464ms","method":"POST","service":"email-verification-api","status":200,"timestamp":"2025-04-21T03:00:16.074Z","url":"/api/v1/verify","user":"6805aeb3e0217bff44b351e5"}
{"endpoint":"/api/v1/verify","host":"Hamzas-MacBook-Pro.local","ip":"::1","level":"debug","message":"API Key Authentication","method":"POST","service":"email-verification-api","timestamp":"2025-04-21T03:01:15.122Z","userId":"6805aeb3e0217bff44b351e5"}
{"advanced":false,"email":"admin@moonsys.co","host":"Hamzas-MacBook-Pro.local","level":"info","message":"Email verification request","service":"email-verification-api","skipCache":false,"timestamp":"2025-04-21T03:01:15.123Z","userId":"6805aeb3e0217bff44b351e5"}
{"duration":642,"host":"Hamzas-MacBook-Pro.local","ip":"::1","level":"info","message":"POST /verify 200 - 642ms","method":"POST","service":"email-verification-api","status":200,"timestamp":"2025-04-21T03:01:15.445Z","url":"/api/v1/verify","user":"6805aeb3e0217bff44b351e5"}
{"endpoint":"/api/v1/verify","host":"Hamzas-MacBook-Pro.local","ip":"::1","level":"debug","message":"API Key Authentication","method":"POST","service":"email-verification-api","timestamp":"2025-04-21T03:01:26.132Z","userId":"6805aeb3e0217bff44b351e5"}
{"advanced":false,"email":"admin@moonsys.co","host":"Hamzas-MacBook-Pro.local","level":"info","message":"Email verification request","service":"email-verification-api","skipCache":true,"timestamp":"2025-04-21T03:01:26.132Z","userId":"6805aeb3e0217bff44b351e5"}
{"duration":981,"host":"Hamzas-MacBook-Pro.local","ip":"::1","level":"info","message":"POST /verify 200 - 981ms","method":"POST","service":"email-verification-api","status":200,"timestamp":"2025-04-21T03:01:26.747Z","url":"/api/v1/verify","user":"6805aeb3e0217bff44b351e5"}
{"host":"Hamzas-MacBook-Pro.local","level":"error","message":"Unhandled Promise Rejection","reason":"Verification timeout","service":"email-verification-api","stack":"Error: Verification timeout\n    at Timeout._onTimeout (/Users/hamzakhalid/Desktop/Drive/Professional/MoonSys/Projects/email-verification/backend/utils/enhancedEmailVerifier.js:86:33)\n    at listOnTimeout (node:internal/timers:573:17)\n    at process.processTimers (node:internal/timers:514:7)","timestamp":"2025-04-21T03:01:36.443Z"}
{"endpoint":"/api/v1/verify","host":"Hamzas-MacBook-Pro.local","ip":"::1","level":"debug","message":"API Key Authentication","method":"POST","service":"email-verification-api","timestamp":"2025-04-21T03:06:11.465Z","userId":"6805aeb3e0217bff44b351e5"}
{"advanced":true,"email":"admin@moonsys.co","host":"Hamzas-MacBook-Pro.local","level":"info","message":"Email verification request","service":"email-verification-api","skipCache":true,"timestamp":"2025-04-21T03:06:11.465Z","userId":"6805aeb3e0217bff44b351e5"}
{"duration":619,"host":"Hamzas-MacBook-Pro.local","ip":"::1","level":"info","message":"POST /verify 200 - 619ms","method":"POST","service":"email-verification-api","status":200,"timestamp":"2025-04-21T03:06:11.773Z","url":"/api/v1/verify","user":"6805aeb3e0217bff44b351e5"}
{"host":"Hamzas-MacBook-Pro.local","jobId":"1","level":"info","message":"Processing verification job for admin@moonsys.co","service":"email-verification-api","timestamp":"2025-04-21T03:06:11.776Z","trackingId":"48023f8a-00aa-439b-8631-aee1f99e4f44","userId":"6805aeb3e0217bff44b351e5"}
{"email":"admin@moonsys.co","error":"this.checkRoleAccount is not a function","host":"Hamzas-MacBook-Pro.local","level":"error","message":"Email verification error:","service":"email-verification-api","stack":"TypeError: this.checkRoleAccount is not a function\n    at EnhancedEmailVerifier.verify (/Users/hamzakhalid/Desktop/Drive/Professional/MoonSys/Projects/email-verification/backend/utils/enhancedEmailVerifier.js:148:18)\n    at process.processTicksAndRejections (node:internal/process/task_queues:95:5)\n    at async Queue.<anonymous> (/Users/hamzakhalid/Desktop/Drive/Professional/MoonSys/Projects/email-verification/backend/config/queue.js:48:20)","timestamp":"2025-04-21T03:06:11.777Z"}
{"host":"Hamzas-MacBook-Pro.local","jobId":"1","level":"info","message":"Completed verification job for admin@moonsys.co","service":"email-verification-api","timestamp":"2025-04-21T03:06:12.103Z","valid":false}
{"data":{"email":"admin@moonsys.co"},"host":"Hamzas-MacBook-Pro.local","job":"1","level":"debug","message":"Job 1 in email-verification completed","service":"email-verification-api","timestamp":"2025-04-21T03:06:12.105Z"}
{"duration":2,"host":"Hamzas-MacBook-Pro.local","ip":"::1","level":"info","message":"GET /api/v1/verify/status/48023f8a-00aa-439b-8631-aee1f99e4f44 404 - 2ms","method":"GET","service":"email-verification-api","status":404,"timestamp":"2025-04-21T03:06:19.943Z","url":"/api/v1/verify/status/48023f8a-00aa-439b-8631-aee1f99e4f44","user":"anonymous"}
{"duration":2,"host":"Hamzas-MacBook-Pro.local","ip":"::1","level":"warn","message":"Request error: GET /api/v1/verify/status/48023f8a-00aa-439b-8631-aee1f99e4f44 404","method":"GET","service":"email-verification-api","status":404,"timestamp":"2025-04-21T03:06:19.943Z","url":"/api/v1/verify/status/48023f8a-00aa-439b-8631-aee1f99e4f44","user":"anonymous"}
{"host":"Hamzas-MacBook-Pro.local","level":"error","message":"Unhandled Promise Rejection","reason":"Verification timeout","service":"email-verification-api","stack":"Error: Verification timeout\n    at Timeout._onTimeout (/Users/hamzakhalid/Desktop/Drive/Professional/MoonSys/Projects/email-verification/backend/utils/enhancedEmailVerifier.js:86:33)\n    at listOnTimeout (node:internal/timers:573:17)\n    at process.processTimers (node:internal/timers:514:7)","timestamp":"2025-04-21T03:06:21.778Z"}
{"endpoint":"/api/v1/verification/48023f8a-00aa-439b-8631-aee1f99e4f44","host":"Hamzas-MacBook-Pro.local","ip":"::1","level":"debug","message":"API Key Authentication","method":"GET","service":"email-verification-api","timestamp":"2025-04-21T03:06:26.634Z","userId":"6805aeb3e0217bff44b351e5"}
{"duration":593,"host":"Hamzas-MacBook-Pro.local","ip":"::1","level":"info","message":"GET /verification/:trackingId 404 - 593ms","method":"GET","service":"email-verification-api","status":404,"timestamp":"2025-04-21T03:06:26.935Z","url":"/api/v1/verification/48023f8a-00aa-439b-8631-aee1f99e4f44","user":"6805aeb3e0217bff44b351e5"}
{"duration":593,"host":"Hamzas-MacBook-Pro.local","ip":"::1","level":"warn","message":"Request error: GET /verification/:trackingId 404","method":"GET","service":"email-verification-api","status":404,"timestamp":"2025-04-21T03:06:26.935Z","url":"/api/v1/verification/48023f8a-00aa-439b-8631-aee1f99e4f44","user":"6805aeb3e0217bff44b351e5"}
{"endpoint":"/api/v1/verify","host":"Hamzas-MacBook-Pro.local","ip":"::1","level":"debug","message":"API Key Authentication","method":"POST","service":"email-verification-api","timestamp":"2025-04-21T03:06:38.270Z","userId":"6805aeb3e0217bff44b351e5"}
{"advanced":false,"email":"admin@moonsys.co","host":"Hamzas-MacBook-Pro.local","level":"info","message":"Email verification request","service":"email-verification-api","skipCache":true,"timestamp":"2025-04-21T03:06:38.270Z","userId":"6805aeb3e0217bff44b351e5"}
{"duration":1132,"host":"Hamzas-MacBook-Pro.local","ip":"::1","level":"info","message":"POST /verify 200 - 1132ms","method":"POST","service":"email-verification-api","status":200,"timestamp":"2025-04-21T03:06:38.870Z","url":"/api/v1/verify","user":"6805aeb3e0217bff44b351e5"}
{"host":"Hamzas-MacBook-Pro.local","level":"error","message":"Unhandled Promise Rejection","reason":"Verification timeout","service":"email-verification-api","stack":"Error: Verification timeout\n    at Timeout._onTimeout (/Users/hamzakhalid/Desktop/Drive/Professional/MoonSys/Projects/email-verification/backend/utils/enhancedEmailVerifier.js:86:33)\n    at listOnTimeout (node:internal/timers:573:17)\n    at process.processTimers (node:internal/timers:514:7)","timestamp":"2025-04-21T03:06:48.570Z"}
{"endpoint":"/api/v1/verify","host":"Hamzas-MacBook-Pro.local","ip":"::1","level":"debug","message":"API Key Authentication","method":"POST","service":"email-verification-api","timestamp":"2025-04-21T03:06:50.629Z","userId":"6805aeb3e0217bff44b351e5"}
{"advanced":false,"email":"test@moonsys.co","host":"Hamzas-MacBook-Pro.local","level":"info","message":"Email verification request","service":"email-verification-api","skipCache":true,"timestamp":"2025-04-21T03:06:50.630Z","userId":"6805aeb3e0217bff44b351e5"}
{"duration":1670,"host":"Hamzas-MacBook-Pro.local","ip":"::1","level":"info","message":"POST /verify 200 - 1670ms","method":"POST","service":"email-verification-api","status":200,"timestamp":"2025-04-21T03:06:51.781Z","url":"/api/v1/verify","user":"6805aeb3e0217bff44b351e5"}
{"duration":2,"host":"Hamzas-MacBook-Pro.local","ip":"::1","level":"info","message":"POST /api/v1/verify/advanced 404 - 2ms","method":"POST","service":"email-verification-api","status":404,"timestamp":"2025-04-21T03:12:07.489Z","url":"/api/v1/verify/advanced","user":"anonymous"}
{"duration":2,"host":"Hamzas-MacBook-Pro.local","ip":"::1","level":"warn","message":"Request error: POST /api/v1/verify/advanced 404","method":"POST","service":"email-verification-api","status":404,"timestamp":"2025-04-21T03:12:07.489Z","url":"/api/v1/verify/advanced","user":"anonymous"}
{"error":"A metric with the name process_cpu_user_seconds_total has already been registered.","host":"Hamzas-MacBook-Pro.local","level":"warn","message":"Could not initialize promster middleware","service":"email-verification-api","timestamp":"2025-04-21T03:12:10.843Z"}
{"error":"listen EADDRINUSE: address already in use :::3000","host":"Hamzas-MacBook-Pro.local","level":"error","message":"Uncaught exception","service":"email-verification-api","stack":"Error: listen EADDRINUSE: address already in use :::3000\n    at Server.setupListenHandle [as _listen2] (node:net:1898:16)\n    at listenInCluster (node:net:1946:12)\n    at Server.listen (node:net:2044:7)\n    at Function.listen (/Users/hamzakhalid/Desktop/Drive/Professional/MoonSys/Projects/email-verification/backend/node_modules/express/lib/application.js:635:24)\n    at Object.<anonymous> (/Users/hamzakhalid/Desktop/Drive/Professional/MoonSys/Projects/email-verification/backend/server.js:100:5)\n    at Module._compile (node:internal/modules/cjs/loader:1358:14)\n    at Module._extensions..js (node:internal/modules/cjs/loader:1416:10)\n    at Module.load (node:internal/modules/cjs/loader:1208:32)\n    at Module._load (node:internal/modules/cjs/loader:1024:12)\n    at Function.executeUserEntryPoint [as runMain] (node:internal/modules/run_main:174:12)","timestamp":"2025-04-21T03:12:11.334Z"}
{"host":"Hamzas-MacBook-Pro.local","level":"info","message":"Redis connection for IP rotation established","service":"email-verification-api","timestamp":"2025-04-21T03:12:11.343Z"}
{"host":"Hamzas-MacBook-Pro.local","level":"info","message":"Redis client ready","service":"email-verification-api","timestamp":"2025-04-21T03:12:11.343Z"}
{"host":"Hamzas-MacBook-Pro.local","level":"info","message":"Redis cache connection established","service":"email-verification-api","timestamp":"2025-04-21T03:12:11.344Z"}
{"host":"Hamzas-MacBook-Pro.local","level":"info","message":"Redis connection for security established","service":"email-verification-api","timestamp":"2025-04-21T03:12:11.344Z"}
{"host":"Hamzas-MacBook-Pro.local","level":"info","message":"Received shutdown signal, closing connections...","service":"email-verification-api","timestamp":"2025-04-21T03:12:18.089Z"}
{"host":"Hamzas-MacBook-Pro.local","level":"info","message":"Shutdown complete","service":"email-verification-api","timestamp":"2025-04-21T03:12:18.090Z"}
{"host":"Hamzas-MacBook-Pro.local","level":"info","message":"Received shutdown signal, closing connections...","service":"email-verification-api","timestamp":"2025-04-21T03:12:18.090Z"}
{"host":"Hamzas-MacBook-Pro.local","level":"info","message":"Shutdown complete","service":"email-verification-api","timestamp":"2025-04-21T03:12:18.090Z"}
{"error":"A metric with the name process_cpu_user_seconds_total has already been registered.","host":"Hamzas-MacBook-Pro.local","level":"warn","message":"Could not initialize promster middleware","service":"email-verification-api","timestamp":"2025-04-21T03:12:38.508Z"}
{"host":"Hamzas-MacBook-Pro.local","level":"info","message":"Server running on port 3000","service":"email-verification-api","timestamp":"2025-04-21T03:12:38.788Z"}
{"host":"Hamzas-MacBook-Pro.local","level":"info","message":"Environment: development","service":"email-verification-api","timestamp":"2025-04-21T03:12:38.789Z"}
{"host":"Hamzas-MacBook-Pro.local","level":"info","message":"Redis connection for IP rotation established","service":"email-verification-api","timestamp":"2025-04-21T03:12:38.797Z"}
{"host":"Hamzas-MacBook-Pro.local","level":"info","message":"Redis connection for security established","service":"email-verification-api","timestamp":"2025-04-21T03:12:38.797Z"}
{"host":"Hamzas-MacBook-Pro.local","level":"info","message":"Redis client ready","service":"email-verification-api","timestamp":"2025-04-21T03:12:38.797Z"}
{"host":"Hamzas-MacBook-Pro.local","level":"info","message":"Redis cache connection established","service":"email-verification-api","timestamp":"2025-04-21T03:12:38.797Z"}
{"duration":16,"host":"Hamzas-MacBook-Pro.local","ip":"::1","level":"info","message":"POST /api/v1/verify/advanced 404 - 16ms","method":"POST","service":"email-verification-api","status":404,"timestamp":"2025-04-21T03:12:51.727Z","url":"/api/v1/verify/advanced","user":"anonymous"}
{"duration":16,"host":"Hamzas-MacBook-Pro.local","ip":"::1","level":"warn","message":"Request error: POST /api/v1/verify/advanced 404","method":"POST","service":"email-verification-api","status":404,"timestamp":"2025-04-21T03:12:51.727Z","url":"/api/v1/verify/advanced","user":"anonymous"}
{"error":"A metric with the name process_cpu_user_seconds_total has already been registered.","host":"Hamzas-MacBook-Pro.local","level":"warn","message":"Could not initialize promster middleware","service":"email-verification-api","timestamp":"2025-04-21T03:15:50.844Z"}
{"error":"listen EADDRINUSE: address already in use :::3000","host":"Hamzas-MacBook-Pro.local","level":"error","message":"Uncaught exception","service":"email-verification-api","stack":"Error: listen EADDRINUSE: address already in use :::3000\n    at Server.setupListenHandle [as _listen2] (node:net:1898:16)\n    at listenInCluster (node:net:1946:12)\n    at Server.listen (node:net:2044:7)\n    at Function.listen (/Users/hamzakhalid/Desktop/Drive/Professional/MoonSys/Projects/email-verification/backend/node_modules/express/lib/application.js:635:24)\n    at Object.<anonymous> (/Users/hamzakhalid/Desktop/Drive/Professional/MoonSys/Projects/email-verification/backend/server.js:100:5)\n    at Module._compile (node:internal/modules/cjs/loader:1358:14)\n    at Module._extensions..js (node:internal/modules/cjs/loader:1416:10)\n    at Module.load (node:internal/modules/cjs/loader:1208:32)\n    at Module._load (node:internal/modules/cjs/loader:1024:12)\n    at Function.executeUserEntryPoint [as runMain] (node:internal/modules/run_main:174:12)","timestamp":"2025-04-21T03:15:51.260Z"}
{"host":"Hamzas-MacBook-Pro.local","level":"info","message":"Redis connection for IP rotation established","service":"email-verification-api","timestamp":"2025-04-21T03:15:51.269Z"}
{"host":"Hamzas-MacBook-Pro.local","level":"info","message":"Redis client ready","service":"email-verification-api","timestamp":"2025-04-21T03:15:51.269Z"}
{"host":"Hamzas-MacBook-Pro.local","level":"info","message":"Redis cache connection established","service":"email-verification-api","timestamp":"2025-04-21T03:15:51.270Z"}
{"host":"Hamzas-MacBook-Pro.local","level":"info","message":"Redis connection for security established","service":"email-verification-api","timestamp":"2025-04-21T03:15:51.270Z"}
{"error":"A metric with the name process_cpu_user_seconds_total has already been registered.","host":"Hamzas-MacBook-Pro.local","level":"warn","message":"Could not initialize promster middleware","service":"email-verification-api","timestamp":"2025-04-21T03:16:01.153Z"}
{"host":"Hamzas-MacBook-Pro.local","level":"info","message":"Server running on port 3000","service":"email-verification-api","timestamp":"2025-04-21T03:16:01.427Z"}
{"host":"Hamzas-MacBook-Pro.local","level":"info","message":"Environment: development","service":"email-verification-api","timestamp":"2025-04-21T03:16:01.427Z"}
{"host":"Hamzas-MacBook-Pro.local","level":"info","message":"Redis connection for IP rotation established","service":"email-verification-api","timestamp":"2025-04-21T03:16:01.438Z"}
{"host":"Hamzas-MacBook-Pro.local","level":"info","message":"Redis client ready","service":"email-verification-api","timestamp":"2025-04-21T03:16:01.439Z"}
{"host":"Hamzas-MacBook-Pro.local","level":"info","message":"Redis cache connection established","service":"email-verification-api","timestamp":"2025-04-21T03:16:01.439Z"}
{"host":"Hamzas-MacBook-Pro.local","level":"info","message":"Redis connection for security established","service":"email-verification-api","timestamp":"2025-04-21T03:16:01.439Z"}
{"duration":13,"host":"Hamzas-MacBook-Pro.local","ip":"::1","level":"info","message":"POST /api/v1/verify/advanced 404 - 13ms","method":"POST","service":"email-verification-api","status":404,"timestamp":"2025-04-21T03:16:08.705Z","url":"/api/v1/verify/advanced","user":"anonymous"}
{"duration":13,"host":"Hamzas-MacBook-Pro.local","ip":"::1","level":"warn","message":"Request error: POST /api/v1/verify/advanced 404","method":"POST","service":"email-verification-api","status":404,"timestamp":"2025-04-21T03:16:08.706Z","url":"/api/v1/verify/advanced","user":"anonymous"}
{"host":"Hamzas-MacBook-Pro.local","level":"info","message":"Received shutdown signal, closing connections...","service":"email-verification-api","timestamp":"2025-04-21T03:16:45.368Z"}
{"host":"Hamzas-MacBook-Pro.local","level":"info","message":"Shutdown complete","service":"email-verification-api","timestamp":"2025-04-21T03:16:45.369Z"}
{"host":"Hamzas-MacBook-Pro.local","level":"info","message":"Received shutdown signal, closing connections...","service":"email-verification-api","timestamp":"2025-04-21T03:16:45.369Z"}
{"host":"Hamzas-MacBook-Pro.local","level":"info","message":"Shutdown complete","service":"email-verification-api","timestamp":"2025-04-21T03:16:45.370Z"}
{"host":"Hamzas-MacBook-Pro.local","level":"info","message":"Received shutdown signal, closing connections...","service":"email-verification-api","timestamp":"2025-04-21T03:16:45.624Z"}
{"host":"Hamzas-MacBook-Pro.local","level":"info","message":"Shutdown complete","service":"email-verification-api","timestamp":"2025-04-21T03:16:45.624Z"}
{"host":"Hamzas-MacBook-Pro.local","level":"info","message":"Received shutdown signal, closing connections...","service":"email-verification-api","timestamp":"2025-04-21T03:16:45.625Z"}
{"host":"Hamzas-MacBook-Pro.local","level":"info","message":"Shutdown complete","service":"email-verification-api","timestamp":"2025-04-21T03:16:45.625Z"}
{"host":"Hamzas-MacBook-Pro.local","level":"info","message":"Received shutdown signal, closing connections...","service":"email-verification-api","timestamp":"2025-04-21T03:16:45.805Z"}
{"host":"Hamzas-MacBook-Pro.local","level":"info","message":"Shutdown complete","service":"email-verification-api","timestamp":"2025-04-21T03:16:45.806Z"}
{"host":"Hamzas-MacBook-Pro.local","level":"info","message":"Received shutdown signal, closing connections...","service":"email-verification-api","timestamp":"2025-04-21T03:16:45.806Z"}
{"host":"Hamzas-MacBook-Pro.local","level":"info","message":"Shutdown complete","service":"email-verification-api","timestamp":"2025-04-21T03:16:45.806Z"}
{"host":"Hamzas-MacBook-Pro.local","level":"info","message":"Received shutdown signal, closing connections...","service":"email-verification-api","timestamp":"2025-04-21T03:16:46.032Z"}
{"host":"Hamzas-MacBook-Pro.local","level":"info","message":"Shutdown complete","service":"email-verification-api","timestamp":"2025-04-21T03:16:46.032Z"}
{"host":"Hamzas-MacBook-Pro.local","level":"info","message":"Received shutdown signal, closing connections...","service":"email-verification-api","timestamp":"2025-04-21T03:16:46.032Z"}
{"host":"Hamzas-MacBook-Pro.local","level":"info","message":"Shutdown complete","service":"email-verification-api","timestamp":"2025-04-21T03:16:46.032Z"}
{"host":"Hamzas-MacBook-Pro.local","level":"info","message":"Received shutdown signal, closing connections...","service":"email-verification-api","timestamp":"2025-04-21T03:16:46.147Z"}
{"host":"Hamzas-MacBook-Pro.local","level":"info","message":"Shutdown complete","service":"email-verification-api","timestamp":"2025-04-21T03:16:46.148Z"}
{"host":"Hamzas-MacBook-Pro.local","level":"info","message":"Received shutdown signal, closing connections...","service":"email-verification-api","timestamp":"2025-04-21T03:16:46.149Z"}
{"host":"Hamzas-MacBook-Pro.local","level":"info","message":"Shutdown complete","service":"email-verification-api","timestamp":"2025-04-21T03:16:46.149Z"}
{"error":"A metric with the name process_cpu_user_seconds_total has already been registered.","host":"Hamzas-MacBook-Pro.local","level":"warn","message":"Could not initialize promster middleware","service":"email-verification-api","timestamp":"2025-04-21T03:16:54.070Z"}
{"host":"Hamzas-MacBook-Pro.local","level":"info","message":"Server running on port 3000","service":"email-verification-api","timestamp":"2025-04-21T03:16:54.309Z"}
{"host":"Hamzas-MacBook-Pro.local","level":"info","message":"Environment: development","service":"email-verification-api","timestamp":"2025-04-21T03:16:54.309Z"}
{"duration":42525,"host":"Hamzas-MacBook-Pro.local","ip":"::1","level":"info","message":"POST /verify/advanced 200 - 42525ms","method":"POST","service":"email-verification-api","status":200,"timestamp":"2025-04-21T03:17:47.425Z","url":"/api/v1/verify/advanced","user":"anonymous"}
{"duration":41474,"host":"Hamzas-MacBook-Pro.local","ip":"::1","level":"info","message":"POST /verify/advanced 200 - 41474ms","method":"POST","service":"email-verification-api","status":200,"timestamp":"2025-04-21T03:20:13.387Z","url":"/api/v1/verify/advanced","user":"anonymous"}
{"duration":43279,"host":"Hamzas-MacBook-Pro.local","ip":"::1","level":"info","message":"POST /verify/advanced 200 - 43279ms","method":"POST","service":"email-verification-api","status":200,"timestamp":"2025-04-21T03:22:24.870Z","url":"/api/v1/verify/advanced","user":"anonymous"}
